<?xml version="1.0" encoding="UTF-8"?>
<!-- Generated by org.testng.reporters.JUnitReportReporter -->
<testsuite skipped="0" hostname="GeeKay" name="com.hellofresh.challenge1.InvokeURLTest" tests="1" failures="0" timestamp="28 Jun 2018 12:21:33 GMT" time="0.008" errors="0">
  <testcase name="InvokeTest" time="0.008" classname="com.hellofresh.challenge1.InvokeURLTest"/>
</testsuite> <!-- com.hellofresh.challenge1.InvokeURLTest -->
